<?xml version="1.0" encoding="UTF-8"?>
<!-- Generated by org.testng.reporters.JUnitReportReporter -->
<testsuite hostname="A868LHYD" failures="0" tests="3" name="restassuredpractice.Put_patch_delete" time="3.398" errors="0" timestamp="2023-01-16T19:42:48 IST" skipped="0">
  <testcase classname="restassuredpractice.Put_patch_delete" name="test_Patch" time="0.697"/>
  <system-out/>
  <testcase classname="restassuredpractice.Put_patch_delete" name="test_Put" time="0.737"/>
  <system-out/>
  <testcase classname="restassuredpractice.Put_patch_delete" name="test_Delete" time="1.964"/>
  <system-out/>
</testsuite> <!-- restassuredpractice.Put_patch_delete -->
