<?xml version="1.0" encoding="UTF-8"?>
<!-- Generated by org.testng.reporters.JUnitReportReporter -->
<testsuite hostname="A868LHYD" failures="0" tests="1" name="POJO_Serialization.Serialtest" time="3.600" errors="0" timestamp="2023-02-24T14:32:32 IST" skipped="0">
  <testcase classname="POJO_Serialization.Serialtest" name="test" time="3.600"/>
  <system-out/>
</testsuite> <!-- POJO_Serialization.Serialtest -->
