<?xml version="1.0" encoding="UTF-8"?>
<!-- Generated by org.testng.reporters.JUnitReportReporter -->
<testsuite hostname="A868LHYD" failures="0" tests="1" name="restassuredpractice.Api_test2" time="2.588" errors="0" timestamp="2023-01-16T15:22:18 IST" skipped="0">
  <testcase classname="restassuredpractice.Api_test2" name="testpost" time="2.588"/>
  <system-out/>
</testsuite> <!-- restassuredpractice.Api_test2 -->
