<?xml version="1.0" encoding="UTF-8"?>
<!-- Generated by org.testng.reporters.JUnitReportReporter -->
<testsuite hostname="A868LHYD" failures="0" tests="4" name="RestAssured_LibraryApi.Dynamic_json" time="3.504" errors="0" timestamp="2023-03-13T22:42:04 IST" skipped="0">
  <testcase classname="RestAssured_LibraryApi.Dynamic_json" name="postmethod" time="0.274"/>
  <system-out/>
  <testcase classname="RestAssured_LibraryApi.Dynamic_json" name="postmethod" time="0.377"/>
  <system-out/>
  <testcase classname="RestAssured_LibraryApi.Dynamic_json" name="getmethod" time="1.866"/>
  <system-out/>
  <testcase classname="RestAssured_LibraryApi.Dynamic_json" name="postmethod" time="0.987"/>
  <system-out/>
</testsuite> <!-- RestAssured_LibraryApi.Dynamic_json -->
