<?xml version="1.0" encoding="UTF-8"?>
<!-- Generated by org.testng.reporters.JUnitReportReporter -->
<testsuite hostname="A868LHYD" failures="0" tests="1" name="jsonpractice.Sum_validation" time="0.879" errors="0" timestamp="2023-02-28T12:52:05 IST" skipped="0">
  <testcase classname="jsonpractice.Sum_validation" name="totalsum" time="0.879"/>
  <system-out/>
</testsuite> <!-- jsonpractice.Sum_validation -->
