<?xml version="1.0" encoding="UTF-8"?>
<!-- Generated by org.testng.reporters.JUnitReportReporter -->
<testsuite hostname="A868LHYD" failures="0" tests="1" name="RestAssured_LibraryApi.Exceldriven" time="2.511" errors="0" timestamp="2023-03-07T16:08:09 IST" skipped="0">
  <testcase classname="RestAssured_LibraryApi.Exceldriven" name="addbook" time="2.511"/>
  <system-out/>
</testsuite> <!-- RestAssured_LibraryApi.Exceldriven -->
