<?xml version="1.0" encoding="UTF-8"?>
<!-- Generated by org.testng.reporters.JUnitReportReporter -->
<testsuite hostname="A868LHYD" failures="0" tests="3" name="RestAssuredPractice2.PetStore" time="4.384" errors="0" timestamp="2023-02-03T12:09:42 IST" skipped="0">
  <testcase classname="RestAssuredPractice2.PetStore" name="getmethod" time="3.144"/>
  <system-out/>
  <testcase classname="RestAssuredPractice2.PetStore" name="postmethod" time="0.630"/>
  <system-out/>
  <testcase classname="RestAssuredPractice2.PetStore" name="getmethod1" time="0.610"/>
  <system-out/>
</testsuite> <!-- RestAssuredPractice2.PetStore -->
